============================================================
📈 Amazon股票每日报告
============================================================

📊 正在获取Amazon股票数据...
✅ 获取成功!
   股票代码: AMZN
   当前价格: $210.11
   涨跌: $5.25 (2.5627%)

📋 正在获取公司概况...
   公司名称: Amazon.com Inc
   市值: $2255514239000

📧 正在发送邮件到 allenliu0703@qq.com...

============================================================
✅ 邮件发送成功!
============================================================
============================================================
📈 Amazon股票每日报告
============================================================

📊 正在获取Amazon股票数据...
✅ 获取成功!
   股票代码: AMZN
   当前价格: $205.27
   涨跌: $-4.84 (-2.3036%)

📋 正在获取公司概况...
   公司名称: Amazon.com Inc.
   市值: $N/A

📧 正在发送邮件到 allenliu0703@qq.com...

============================================================
✅ 邮件发送成功!
============================================================
============================================================
📈 Amazon股票每日报告
============================================================

📊 正在获取Amazon股票数据...
✅ 获取成功!
   股票代码: AMZN
   当前价格: $208.56
   涨跌: $3.29 (1.6028%)

📋 正在获取公司概况...
   公司名称: Amazon.com Inc.
   市值: $N/A

📧 正在发送邮件到 allenliu0703@qq.com...

============================================================
✅ 邮件发送成功!
============================================================
============================================================
📈 Amazon股票每日报告
============================================================

📊 正在获取Amazon股票数据...
✅ 获取成功!
   股票代码: AMZN
   当前价格: $210.64
   涨跌: $2.08 (0.9973%)

📋 正在获取公司概况...
   公司名称: Amazon.com Inc.
   市值: $N/A

📧 正在发送邮件到 allenliu0703@qq.com...

============================================================
✅ 邮件发送成功!
============================================================
